[
  {
    "instruction": "LOAD_CONST 26 10 5",
    "opcode": 26,
    "binary": "1a0a0500"
  },
  {
    "instruction": "LOAD_CONST 26 11 2",
    "opcode": 26,
    "binary": "1a0b0200"
  },
  {
    "instruction": "LOAD_CONST 26 12 7",
    "opcode": 26,
    "binary": "1a0c0700"
  },
  {
    "instruction": "LOAD_CONST 26 13 1",
    "opcode": 26,
    "binary": "1a0d0100"
  },
  {
    "instruction": "LOAD_CONST 26 14 9",
    "opcode": 26,
    "binary": "1a0e0900"
  },
  {
    "instruction": "LOAD_CONST 26 20 3",
    "opcode": 26,
    "binary": "1a140300"
  },
  {
    "instruction": "LOAD_CONST 26 21 4",
    "opcode": 26,
    "binary": "1a150400"
  },
  {
    "instruction": "LOAD_CONST 26 22 6",
    "opcode": 26,
    "binary": "1a160600"
  },
  {
    "instruction": "LOAD_CONST 26 23 2",
    "opcode": 26,
    "binary": "1a170200"
  },
  {
    "instruction": "LOAD_CONST 26 24 8",
    "opcode": 26,
    "binary": "1a180800"
  },
  {
    "instruction": "LOAD_CONST 26 30 10",
    "opcode": 26,
    "binary": "1a1e0a00"
  },
  {
    "instruction": "LOAD_CONST 26 31 20",
    "opcode": 26,
    "binary": "1a1f1400"
  },
  {
    "instruction": "LESS_THAN 15 30 0 20",
    "opcode": 15,
    "binary": "0f0f1e00"
  },
  {
    "instruction": "LESS_THAN 15 30 1 21",
    "opcode": 15,
    "binary": "0f0f1e01"
  },
  {
    "instruction": "LESS_THAN 15 30 2 22",
    "opcode": 15,
    "binary": "0f0f1e02"
  },
  {
    "instruction": "LESS_THAN 15 30 3 23",
    "opcode": 15,
    "binary": "0f0f1e03"
  },
  {
    "instruction": "LESS_THAN 15 30 4 24",
    "opcode": 15,
    "binary": "0f0f1e04"
  }
]